#
# There is insufficient memory for the Java Runtime Environment to continue.
# Native memory allocation (malloc) failed to allocate 96496 bytes for Chunk::new
# Possible reasons:
#   The system is out of physical RAM or swap space
#   The process is running with CompressedOops enabled, and the Java Heap may be blocking the growth of the native heap
# Possible solutions:
#   Reduce memory load on the system
#   Increase physical memory or swap space
#   Check if swap backing store is full
#   Decrease Java heap size (-Xmx/-Xms)
#   Decrease number of Java threads
#   Decrease Java thread stack sizes (-Xss)
#   Set larger code cache with -XX:ReservedCodeCacheSize=
#   JVM is running with Unscaled Compressed Oops mode in which the Java heap is
#     placed in the first 4GB address space. The Java Heap base address is the
#     maximum limit for the native heap growth. Please use -XX:HeapBaseMinAddress
#     to set the Java Heap base and to place the Java Heap above 4GB virtual address.
# This output file may be truncated or incomplete.
#
#  Out of Memory Error (allocation.cpp:389), pid=1104, tid=0x0000000000000a88
#
# JRE version: Java(TM) SE Runtime Environment (8.0_202-b08) (build 1.8.0_202-b08)
# Java VM: Java HotSpot(TM) 64-Bit Server VM (25.202-b08 mixed mode windows-amd64 compressed oops)
# Failed to write core dump. Minidumps are not enabled by default on client versions of Windows
#

---------------  T H R E A D  ---------------

Current thread (0x00000000186d5000):  JavaThread "C2 CompilerThread0" daemon [_thread_in_native, id=2696, stack(0x0000000018fa0000,0x00000000190a0000)]

Stack: [0x0000000018fa0000,0x00000000190a0000]
[error occurred during error reporting (printing stack bounds), id 0xc0000005]

Native frames: (J=compiled Java code, j=interpreted, Vv=VM code, C=native code)


Current CompileTask:
C2:    889  677       4       java.util.HashMap::put (13 bytes)


---------------  P R O C E S S  ---------------

Java Threads: ( => current thread )
  0x0000000018a80800 JavaThread "D3D Screen Updater" daemon [_thread_blocked, id=23176, stack(0x00000000205f0000,0x00000000206f0000)]
  0x00000000029ad800 JavaThread "DestroyJavaVM" [_thread_blocked, id=21960, stack(0x00000000029b0000,0x0000000002ab0000)]
  0x0000000019780800 JavaThread "Image Fetcher 0" daemon [_thread_blocked, id=24276, stack(0x000000001fff0000,0x00000000200f0000)]
  0x0000000018a9e000 JavaThread "AWT-EventQueue-0" [_thread_in_native, id=24004, stack(0x000000001fef0000,0x000000001fff0000)]
  0x0000000018a69800 JavaThread "AWT-Windows" daemon [_thread_in_native, id=21416, stack(0x000000001a1e0000,0x000000001a2e0000)]
  0x0000000018a67000 JavaThread "AWT-Shutdown" [_thread_blocked, id=22896, stack(0x000000001a0e0000,0x000000001a1e0000)]
  0x0000000018a66000 JavaThread "Java2D Disposer" daemon [_thread_blocked, id=21880, stack(0x0000000019ef0000,0x0000000019ff0000)]
  0x000000001872c000 JavaThread "Service Thread" daemon [_thread_blocked, id=24156, stack(0x00000000193a0000,0x00000000194a0000)]
  0x00000000186f2000 JavaThread "C1 CompilerThread3" daemon [_thread_blocked, id=21164, stack(0x00000000192a0000,0x00000000193a0000)]
  0x00000000186e3800 JavaThread "C2 CompilerThread2" daemon [_thread_in_native, id=26440, stack(0x00000000191a0000,0x00000000192a0000)]
  0x00000000186d8000 JavaThread "C2 CompilerThread1" daemon [_thread_in_vm, id=22520, stack(0x00000000190a0000,0x00000000191a0000)]
=>0x00000000186d5000 JavaThread "C2 CompilerThread0" daemon [_thread_in_native, id=2696, stack(0x0000000018fa0000,0x00000000190a0000)]
  0x00000000186cf800 JavaThread "Attach Listener" daemon [_thread_blocked, id=21712, stack(0x0000000018ea0000,0x0000000018fa0000)]
  0x0000000002bae800 JavaThread "Signal Dispatcher" daemon [_thread_blocked, id=24048, stack(0x0000000018da0000,0x0000000018ea0000)]
  0x00000000186c1000 JavaThread "Finalizer" daemon [_thread_blocked, id=21696, stack(0x0000000018ba0000,0x0000000018ca0000)]
  0x00000000186c0800 JavaThread "Reference Handler" daemon [_thread_blocked, id=19088, stack(0x0000000018aa0000,0x0000000018ba0000)]

Other Threads:
  0x00000000168b9000 VMThread [stack: 0x00000000185a0000,0x00000000186a0000] [id=25152]
  0x000000001872d000 WatcherThread [stack: 0x00000000194a0000,0x00000000195a0000] [id=24184]

VM state:not at safepoint (normal execution)

VM Mutex/Monitor currently owned by a thread: None

heap address: 0x00000000a1400000, size: 1516 MB, Compressed Oops mode: 32-bit
Narrow klass base: 0x0000000000000000, Narrow klass shift: 3
Compressed class space size: 1073741824 Address: 0x0000000100000000

Heap:
 PSYoungGen      total 28672K, used 22927K [0x00000000e0700000, 0x00000000e2700000, 0x0000000100000000)
  eden space 24576K, 93% used [0x00000000e0700000,0x00000000e1d63f80,0x00000000e1f00000)
  from space 4096K, 0% used [0x00000000e2300000,0x00000000e2300000,0x00000000e2700000)
  to   space 4096K, 0% used [0x00000000e1f00000,0x00000000e1f00000,0x00000000e2300000)
 ParOldGen       total 65536K, used 0K [0x00000000a1400000, 0x00000000a5400000, 0x00000000e0700000)
  object space 65536K, 0% used [0x00000000a1400000,0x00000000a1400000,0x00000000a5400000)
 Metaspace       used 11401K, capacity 11602K, committed 11904K, reserved 1058816K
  class space    used 1478K, capacity 1581K, committed 1664K, reserved 1048576K

Card table byte_map: [0x0000000011f70000,0x0000000012270000] byte_map_base: 0x0000000011a66000

Marking Bits: (ParMarkBitMap*) 0x0000000072245ce0
 Begin Bits: [0x0000000012c70000, 0x0000000014420000)
 End Bits:   [0x0000000014420000, 0x0000000015bd0000)

Polling page: 0x0000000000ff0000

CodeCache: size=245760Kb used=2758Kb max_used=2771Kb free=243001Kb
 bounds [0x0000000002bb0000, 0x0000000002e70000, 0x0000000011bb0000]
 total_blobs=1168 nmethods=695 adapters=387
 compilation: enabled

Compilation events (10 events):
Event: 0.883 Thread 0x00000000186d8000 nmethod 678 0x0000000002e60d90 code [0x0000000002e60f00, 0x0000000002e612f8]
Event: 0.883 Thread 0x00000000186d8000  691       4       sun.nio.ch.FileChannelImpl::ensureOpen (16 bytes)
Event: 0.883 Thread 0x00000000186f2000 nmethod 690 0x0000000002e5d950 code [0x0000000002e5dac0, 0x0000000002e5dd50]
Event: 0.884 Thread 0x00000000186d8000 nmethod 691 0x0000000002e49790 code [0x0000000002e498c0, 0x0000000002e49938]
Event: 0.884 Thread 0x00000000186f2000  692       3       sun.font.TrueTypeFont::initAllNames (177 bytes)
Event: 0.885 Thread 0x00000000186d8000  694   !   4       sun.nio.ch.NativeThreadSet::remove (50 bytes)
Event: 0.885 Thread 0x00000000186f2000 nmethod 692 0x0000000002e5eed0 code [0x0000000002e5f160, 0x0000000002e60158]
Event: 0.885 Thread 0x00000000186f2000  693       3       java.util.HashSet::iterator (13 bytes)
Event: 0.885 Thread 0x00000000186f2000 nmethod 693 0x0000000002e5d410 code [0x0000000002e5d580, 0x0000000002e5d858]
Event: 0.887 Thread 0x00000000186d8000 nmethod 694 0x0000000002e5ced0 code [0x0000000002e5d020, 0x0000000002e5d2b8]

GC Heap History (0 events):
No events

Deoptimization events (6 events):
Event: 0.343 Thread 0x00000000029ad800 Uncommon trap: reason=null_check action=make_not_entrant pc=0x0000000002d1b254 method=java.lang.String.equals(Ljava/lang/Object;)Z @ 8
Event: 0.861 Thread 0x0000000018a9e000 Uncommon trap: reason=class_check action=maybe_recompile pc=0x0000000002df26f8 method=java.util.HashMap.putVal(ILjava/lang/Object;Ljava/lang/Object;ZZ)Ljava/lang/Object; @ 203
Event: 0.862 Thread 0x0000000018a9e000 Uncommon trap: reason=class_check action=maybe_recompile pc=0x0000000002df26f8 method=java.util.HashMap.putVal(ILjava/lang/Object;Ljava/lang/Object;ZZ)Ljava/lang/Object; @ 203
Event: 0.865 Thread 0x0000000018a9e000 Uncommon trap: reason=class_check action=maybe_recompile pc=0x0000000002df26f8 method=java.util.HashMap.putVal(ILjava/lang/Object;Ljava/lang/Object;ZZ)Ljava/lang/Object; @ 203
Event: 0.866 Thread 0x0000000018a9e000 Uncommon trap: reason=class_check action=maybe_recompile pc=0x0000000002df26f8 method=java.util.HashMap.putVal(ILjava/lang/Object;Ljava/lang/Object;ZZ)Ljava/lang/Object; @ 203
Event: 0.868 Thread 0x0000000018a9e000 Uncommon trap: reason=unstable_if action=reinterpret pc=0x0000000002dabb58 method=java.lang.CharacterData.of(I)Ljava/lang/CharacterData; @ 4

Classes redefined (0 events):
No events

Internal exceptions (10 events):
Event: 0.045 Thread 0x00000000029ad800 Exception <a 'java/lang/NoSuchMethodError': Method sun.misc.Unsafe.prefetchRead(Ljava/lang/Object;J)V name or signature does not match> (0x00000000e0707f98) thrown at [C:\re\workspace\8-2-build-windows-amd64-cygwin\jdk8u202\12323\hotspot\src\share\vm\prim
Event: 0.134 Thread 0x00000000029ad800 Exception <a 'java/security/PrivilegedActionException'> (0x00000000e080c798) thrown at [C:\re\workspace\8-2-build-windows-amd64-cygwin\jdk8u202\12323\hotspot\src\share\vm\prims\jvm.cpp, line 1502]
Event: 0.134 Thread 0x00000000029ad800 Exception <a 'java/security/PrivilegedActionException'> (0x00000000e080c9a8) thrown at [C:\re\workspace\8-2-build-windows-amd64-cygwin\jdk8u202\12323\hotspot\src\share\vm\prims\jvm.cpp, line 1502]
Event: 0.135 Thread 0x00000000029ad800 Exception <a 'java/security/PrivilegedActionException'> (0x00000000e08108b8) thrown at [C:\re\workspace\8-2-build-windows-amd64-cygwin\jdk8u202\12323\hotspot\src\share\vm\prims\jvm.cpp, line 1502]
Event: 0.135 Thread 0x00000000029ad800 Exception <a 'java/security/PrivilegedActionException'> (0x00000000e0810ac8) thrown at [C:\re\workspace\8-2-build-windows-amd64-cygwin\jdk8u202\12323\hotspot\src\share\vm\prims\jvm.cpp, line 1502]
Event: 0.144 Thread 0x00000000029ad800 Exception <a 'java/io/FileNotFoundException'> (0x00000000e0815ee0) thrown at [C:\re\workspace\8-2-build-windows-amd64-cygwin\jdk8u202\12323\hotspot\src\share\vm\prims\jni.cpp, line 710]
Event: 0.185 Thread 0x00000000029ad800 Exception <a 'java/lang/NoSuchFieldError': method resolution failed> (0x00000000e08e74d0) thrown at [C:\re\workspace\8-2-build-windows-amd64-cygwin\jdk8u202\12323\hotspot\src\share\vm\prims\methodHandles.cpp, line 1167]
Event: 0.187 Thread 0x00000000029ad800 Exception <a 'java/lang/NoSuchFieldError': method resolution failed> (0x00000000e08f48b0) thrown at [C:\re\workspace\8-2-build-windows-amd64-cygwin\jdk8u202\12323\hotspot\src\share\vm\prims\methodHandles.cpp, line 1167]
Event: 0.232 Thread 0x00000000029ad800 Exception <a 'java/io/FileNotFoundException'> (0x00000000e098d650) thrown at [C:\re\workspace\8-2-build-windows-amd64-cygwin\jdk8u202\12323\hotspot\src\share\vm\prims\jni.cpp, line 710]
Event: 0.343 Thread 0x00000000029ad800 Implicit null exception at 0x0000000002d1b09b to 0x0000000002d1b245

Events (10 events):
Event: 0.866 Thread 0x0000000018a9e000 Uncommon trap: trap_request=0xffffffde fr.pc=0x0000000002df26f8
Event: 0.866 Thread 0x0000000018a9e000 DEOPT PACKING pc=0x0000000002df26f8 sp=0x000000001ffebe20
Event: 0.866 Thread 0x0000000018a9e000 DEOPT UNPACKING pc=0x0000000002bf583b sp=0x000000001ffebd98 mode 2
Event: 0.868 Thread 0x0000000018a9e000 Uncommon trap: trap_request=0xffffff65 fr.pc=0x0000000002dabb58
Event: 0.868 Thread 0x0000000018a9e000 DEOPT PACKING pc=0x0000000002dabb58 sp=0x000000001ffebe60
Event: 0.868 Thread 0x0000000018a9e000 DEOPT UNPACKING pc=0x0000000002bf583b sp=0x000000001ffebcd0 mode 2
Event: 0.868 loading class java/lang/CharacterData00
Event: 0.869 loading class java/lang/CharacterData00 done
Event: 0.869 Executing VM operation: Deoptimize
Event: 0.869 Executing VM operation: Deoptimize done


Dynamic libraries:
0x00007ff6a4e80000 - 0x00007ff6a4eb7000 	C:\Program Files\Java\jdk1.8.0_202\bin\java.exe
0x00007ffa02400000 - 0x00007ffa02609000 	C:\Windows\SYSTEM32\ntdll.dll
0x00007ffa01890000 - 0x00007ffa0194d000 	C:\Windows\System32\KERNEL32.DLL
0x00007ff9ffce0000 - 0x00007ffa00054000 	C:\Windows\System32\KERNELBASE.dll
0x00007ffa00320000 - 0x00007ffa003ce000 	C:\Windows\System32\ADVAPI32.dll
0x00007ffa01460000 - 0x00007ffa01503000 	C:\Windows\System32\msvcrt.dll
0x00007ffa01960000 - 0x00007ffa019fe000 	C:\Windows\System32\sechost.dll
0x00007ffa00570000 - 0x00007ffa00690000 	C:\Windows\System32\RPCRT4.dll
0x00007ffa00f80000 - 0x00007ffa0112c000 	C:\Windows\System32\USER32.dll
0x00007ffa00270000 - 0x00007ffa00296000 	C:\Windows\System32\win32u.dll
0x00007ffa00f10000 - 0x00007ffa00f39000 	C:\Windows\System32\GDI32.dll
0x00007ffa00150000 - 0x00007ffa00262000 	C:\Windows\System32\gdi32full.dll
0x00007ff9ffc40000 - 0x00007ff9ffcdd000 	C:\Windows\System32\msvcp_win.dll
0x00007ff9ffb20000 - 0x00007ff9ffc31000 	C:\Windows\System32\ucrtbase.dll
0x00007ff9e8700000 - 0x00007ff9e89a5000 	C:\Windows\WinSxS\amd64_microsoft.windows.common-controls_6595b64144ccf1df_6.0.22000.120_none_9d947278b86cc467\COMCTL32.dll
0x00007ffa00f40000 - 0x00007ffa00f71000 	C:\Windows\System32\IMM32.DLL
0x0000000071940000 - 0x0000000071a12000 	C:\Program Files\Java\jdk1.8.0_202\jre\bin\msvcr100.dll
0x0000000071a20000 - 0x00000000722c5000 	C:\Program Files\Java\jdk1.8.0_202\jre\bin\server\jvm.dll
0x00007ffa01950000 - 0x00007ffa01958000 	C:\Windows\System32\PSAPI.DLL
0x00007ff9c6530000 - 0x00007ff9c6539000 	C:\Windows\SYSTEM32\WSOCK32.dll
0x00007ff9f92f0000 - 0x00007ff9f9323000 	C:\Windows\SYSTEM32\WINMM.dll
0x00007ff9f6af0000 - 0x00007ff9f6afa000 	C:\Windows\SYSTEM32\VERSION.dll
0x00007ffa006f0000 - 0x00007ffa0075f000 	C:\Windows\System32\WS2_32.dll
0x00007ff9fc240000 - 0x00007ff9fc24f000 	C:\Program Files\Java\jdk1.8.0_202\jre\bin\verify.dll
0x00007ff9f9770000 - 0x00007ff9f9799000 	C:\Program Files\Java\jdk1.8.0_202\jre\bin\java.dll
0x00007ff9f9750000 - 0x00007ff9f9766000 	C:\Program Files\Java\jdk1.8.0_202\jre\bin\zip.dll
0x00007ffa00760000 - 0x00007ffa00f0e000 	C:\Windows\System32\SHELL32.dll
0x00007ff9fda60000 - 0x00007ff9fe2c8000 	C:\Windows\SYSTEM32\windows.storage.dll
0x00007ffa01510000 - 0x00007ffa01888000 	C:\Windows\System32\combase.dll
0x00007ff9fd8f0000 - 0x00007ff9fda56000 	C:\Windows\SYSTEM32\wintypes.dll
0x00007ffa01370000 - 0x00007ffa0145a000 	C:\Windows\System32\SHCORE.dll
0x00007ffa01260000 - 0x00007ffa012bd000 	C:\Windows\System32\shlwapi.dll
0x00007ff9ff820000 - 0x00007ff9ff841000 	C:\Windows\SYSTEM32\profapi.dll
0x00007ff9b1950000 - 0x00007ff9b1ae9000 	C:\Program Files\Java\jdk1.8.0_202\jre\bin\awt.dll
0x00007ffa003d0000 - 0x00007ffa004a6000 	C:\Windows\System32\OLEAUT32.dll
0x00007ff9fce90000 - 0x00007ff9fcf21000 	C:\Windows\SYSTEM32\apphelp.dll
0x00007ff9fd3e0000 - 0x00007ff9fd40f000 	C:\Windows\system32\DWMAPI.DLL
0x00007ff9fd000000 - 0x00007ff9fd0ac000 	C:\Windows\system32\uxtheme.dll
0x00007ff9b1af0000 - 0x00007ff9b1bf1000 	C:\Windows\system32\opengl32.dll
0x00007ff9fa660000 - 0x00007ff9fa68d000 	C:\Windows\SYSTEM32\GLU32.dll
0x00007ff9fd120000 - 0x00007ff9fd158000 	C:\Windows\SYSTEM32\dxcore.dll
0x00007ffa01130000 - 0x00007ffa0124e000 	C:\Windows\System32\MSCTF.dll
0x00007ffa01a10000 - 0x00007ffa01baa000 	C:\Windows\System32\ole32.dll
0x00007ff9fe9f0000 - 0x00007ff9fea08000 	C:\Windows\SYSTEM32\kernel.appcore.dll
0x00007ffa000d0000 - 0x00007ffa0014f000 	C:\Windows\System32\bcryptPrimitives.dll
0x00007ff9a1da0000 - 0x00007ff9a1f46000 	C:\Windows\system32\d3d9.dll
0x00007ff9f66d0000 - 0x00007ff9f6888000 	C:\Windows\System32\DriverStore\FileRepository\u0375529.inf_amd64_f5dbe9a47d69bf14\B374868\aticfx64.dll
0x00007ff9d3ed0000 - 0x00007ff9d3f04000 	C:\Windows\System32\DriverStore\FileRepository\u0375529.inf_amd64_f5dbe9a47d69bf14\B374868\atiu9p64.dll
0x00007ff991a50000 - 0x00007ff9927a4000 	C:\Windows\System32\DriverStore\FileRepository\u0375529.inf_amd64_f5dbe9a47d69bf14\B374868\atiumd64.dll
0x00007ff9edbc0000 - 0x00007ff9edde1000 	C:\Windows\SYSTEM32\dbghelp.dll
0x00007ff9e4be0000 - 0x00007ff9e4c11000 	C:\Windows\SYSTEM32\dbgcore.DLL
0x0000000070a10000 - 0x0000000071883000 	C:\Windows\System32\DriverStore\FileRepository\u0375529.inf_amd64_f5dbe9a47d69bf14\B374868\atiumd6a.dll
0x00007ffa01d90000 - 0x00007ffa021fc000 	C:\Windows\System32\SETUPAPI.dll
0x00007ff9ff7c0000 - 0x00007ff9ff80d000 	C:\Windows\SYSTEM32\POWRPROF.dll
0x00007ff9ff7a0000 - 0x00007ff9ff7b3000 	C:\Windows\SYSTEM32\UMPDC.dll
0x00007ff9f6460000 - 0x00007ff9f6490000 	C:\Windows\SYSTEM32\amdihk64.dll
0x00007ff9face0000 - 0x00007ff9fad24000 	C:\Windows\SYSTEM32\directxdatabasehelper.dll
0x00007ff9fd2a0000 - 0x00007ff9fd2d4000 	C:\Windows\SYSTEM32\ntmarta.dll
0x00007ff9c08b0000 - 0x00007ff9c08e1000 	C:\Program Files\Java\jdk1.8.0_202\jre\bin\jpeg.dll
0x00007ff9f96c0000 - 0x00007ff9f9707000 	C:\Program Files\Java\jdk1.8.0_202\jre\bin\fontmanager.dll
0x00007ffa012c0000 - 0x00007ffa0136f000 	C:\Windows\System32\clbcatq.dll
0x00007ff9f85b0000 - 0x00007ff9f875e000 	C:\Windows\SYSTEM32\WindowsCodecs.dll
0x00007ff9d4140000 - 0x00007ff9d419d000 	C:\Windows\system32\dataexchange.dll
0x00007ff9f7520000 - 0x00007ff9f7786000 	C:\Windows\system32\twinapi.appcore.dll
0x00007ff9ea4a0000 - 0x00007ff9ea5cd000 	C:\Windows\SYSTEM32\textinputframework.dll
0x00007ff9f9730000 - 0x00007ff9f974a000 	C:\Program Files\Java\jdk1.8.0_202\jre\bin\net.dll
0x00007ff9f7d70000 - 0x00007ff9f7f5f000 	C:\Windows\SYSTEM32\urlmon.dll
0x00007ff9f7d40000 - 0x00007ff9f7d68000 	C:\Windows\SYSTEM32\srvcli.dll
0x00007ff9f7a80000 - 0x00007ff9f7d33000 	C:\Windows\SYSTEM32\iertutil.dll
0x00007ff9fe4e0000 - 0x00007ff9fe4ec000 	C:\Windows\SYSTEM32\netutils.dll
0x00007ff9fee20000 - 0x00007ff9fee87000 	C:\Windows\system32\mswsock.dll
0x00007ff9f9710000 - 0x00007ff9f9722000 	C:\Program Files\Java\jdk1.8.0_202\jre\bin\nio.dll

VM Arguments:
jvm_args: -Dfile.encoding=UTF-8 
java_command: hotel.management.system.AddEmployee
java_class_path (initial): C:\Program Files\NetBeans 8.2\ide\modules\ext\mysql-connector-java-5.1.23-bin.jar;C:\Users\shubh\OneDrive\Documents\NetBeansProjects\Hotel Management System\build\classes
Launcher Type: SUN_STANDARD

Environment Variables:
JAVA_HOME=C:\Program Files\Java\jdk1.8.0_202
PATH=C:\Program Files\Java\jdk1.8.0_202\bin;C:\Program Files (x86)\Common Files\Oracle\Java\javapath;C:\Program Files\Common Files\Oracle\Java\javapath;C:\Windows\system32;C:\Windows;C:\Windows\System32\Wbem;C:\Windows\System32\WindowsPowerShell\v1.0\;C:\Windows\System32\OpenSSH\;C:\Program Files\Microsoft VS Code\bin;D:\Git\cmd;C:\Program Files\Java\jdk-17.0.2\bin;C:\Program Files\MySQL\MySQL Server 5.5\bin;C:\Users\shubh\AppData\Local\Microsoft\WindowsApps;
USERNAME=shubh
OS=Windows_NT
PROCESSOR_IDENTIFIER=AMD64 Family 23 Model 24 Stepping 1, AuthenticAMD



---------------  S Y S T E M  ---------------

OS: Windows 10.0 , 64 bit Build 22000 (10.0.22000.434)

CPU:total 8 (initial active 8) (8 cores per cpu, 1 threads per core) family 23 model 24 stepping 1, cmov, cx8, fxsr, mmx, sse, sse2, sse3, ssse3, sse4.1, sse4.2, popcnt, avx, avx2, aes, clmul, mmxext, 3dnowpref, lzcnt, sse4a, tsc, tscinvbit, tscinv, bmi1

Memory: 4k page, physical 6203348k(326272k free), swap 25077716k(4100k free)

vm_info: Java HotSpot(TM) 64-Bit Server VM (25.202-b08) for windows-amd64 JRE (1.8.0_202-b08), built on Dec 15 2018 19:54:30 by "java_re" with MS VC++ 10.0 (VS2010)

time: Wed Mar 16 21:55:41 2022
timezone: India Standard Time
elapsed time: 0 seconds (0d 0h 0m 0s)

