#
# There is insufficient memory for the Java Runtime Environment to continue.
# Native memory allocation (malloc) failed to allocate 289088 bytes for Chunk::new
# Possible reasons:
#   The system is out of physical RAM or swap space
#   The process is running with CompressedOops enabled, and the Java Heap may be blocking the growth of the native heap
# Possible solutions:
#   Reduce memory load on the system
#   Increase physical memory or swap space
#   Check if swap backing store is full
#   Decrease Java heap size (-Xmx/-Xms)
#   Decrease number of Java threads
#   Decrease Java thread stack sizes (-Xss)
#   Set larger code cache with -XX:ReservedCodeCacheSize=
#   JVM is running with Unscaled Compressed Oops mode in which the Java heap is
#     placed in the first 4GB address space. The Java Heap base address is the
#     maximum limit for the native heap growth. Please use -XX:HeapBaseMinAddress
#     to set the Java Heap base and to place the Java Heap above 4GB virtual address.
# This output file may be truncated or incomplete.
#
#  Out of Memory Error (allocation.cpp:389), pid=24152, tid=0x0000000000004b74
#
# JRE version: Java(TM) SE Runtime Environment (8.0_202-b08) (build 1.8.0_202-b08)
# Java VM: Java HotSpot(TM) 64-Bit Server VM (25.202-b08 mixed mode windows-amd64 compressed oops)
# Failed to write core dump. Minidumps are not enabled by default on client versions of Windows
#

---------------  T H R E A D  ---------------

Current thread (0x0000000018294000):  JavaThread "C2 CompilerThread1" daemon [_thread_in_native, id=19316, stack(0x0000000018c90000,0x0000000018d90000)]

Stack: [0x0000000018c90000,0x0000000018d90000]
[error occurred during error reporting (printing stack bounds), id 0xc0000005]

Native frames: (J=compiled Java code, j=interpreted, Vv=VM code, C=native code)


Current CompileTask:
C2:    888  713   !   4       sun.font.TrueTypeFont::getTableBuffer (199 bytes)


---------------  P R O C E S S  ---------------

Java Threads: ( => current thread )
  0x0000000018645800 JavaThread "D3D Screen Updater" daemon [_thread_blocked, id=24712, stack(0x0000000020250000,0x0000000020350000)]
  0x000000000268d800 JavaThread "DestroyJavaVM" [_thread_blocked, id=1468, stack(0x0000000002550000,0x0000000002650000)]
  0x0000000019376800 JavaThread "Image Fetcher 0" daemon [_thread_blocked, id=24632, stack(0x000000001fbc0000,0x000000001fcc0000)]
  0x0000000019369800 JavaThread "AWT-EventQueue-0" [_thread_in_Java, id=26440, stack(0x000000001fac0000,0x000000001fbc0000)]
  0x000000001862a000 JavaThread "AWT-Windows" daemon [_thread_in_native, id=26052, stack(0x0000000019d60000,0x0000000019e60000)]
  0x0000000018627800 JavaThread "AWT-Shutdown" [_thread_blocked, id=12572, stack(0x0000000019c60000,0x0000000019d60000)]
  0x0000000018626800 JavaThread "Java2D Disposer" daemon [_thread_blocked, id=8952, stack(0x0000000019b60000,0x0000000019c60000)]
  0x0000000018325800 JavaThread "Service Thread" daemon [_thread_blocked, id=3024, stack(0x0000000018f90000,0x0000000019090000)]
  0x000000001829f800 JavaThread "C1 CompilerThread3" daemon [_thread_blocked, id=25944, stack(0x0000000018e90000,0x0000000018f90000)]
  0x0000000018297000 JavaThread "C2 CompilerThread2" daemon [_thread_blocked, id=20532, stack(0x0000000018d90000,0x0000000018e90000)]
=>0x0000000018294000 JavaThread "C2 CompilerThread1" daemon [_thread_in_native, id=19316, stack(0x0000000018c90000,0x0000000018d90000)]
  0x0000000018291000 JavaThread "C2 CompilerThread0" daemon [_thread_blocked, id=12596, stack(0x0000000018b90000,0x0000000018c90000)]
  0x000000001828f000 JavaThread "Attach Listener" daemon [_thread_blocked, id=23900, stack(0x0000000018a90000,0x0000000018b90000)]
  0x000000001828e000 JavaThread "Signal Dispatcher" daemon [_thread_blocked, id=25672, stack(0x0000000018990000,0x0000000018a90000)]
  0x0000000002787800 JavaThread "Finalizer" daemon [_thread_blocked, id=1992, stack(0x0000000018760000,0x0000000018860000)]
  0x0000000018280800 JavaThread "Reference Handler" daemon [_thread_blocked, id=25224, stack(0x0000000018660000,0x0000000018760000)]

Other Threads:
  0x0000000016499800 VMThread [stack: 0x0000000018160000,0x0000000018260000] [id=19228]
  0x000000001833f800 WatcherThread [stack: 0x0000000019090000,0x0000000019190000] [id=20080]

VM state:not at safepoint (normal execution)

VM Mutex/Monitor currently owned by a thread: None

heap address: 0x00000000a1400000, size: 1516 MB, Compressed Oops mode: 32-bit
Narrow klass base: 0x0000000000000000, Narrow klass shift: 3
Compressed class space size: 1073741824 Address: 0x0000000100000000

Heap:
 PSYoungGen      total 28672K, used 6487K [0x00000000e0700000, 0x00000000e2700000, 0x0000000100000000)
  eden space 24576K, 10% used [0x00000000e0700000,0x00000000e0995c58,0x00000000e1f00000)
  from space 4096K, 93% used [0x00000000e1f00000,0x00000000e22c0260,0x00000000e2300000)
  to   space 4096K, 0% used [0x00000000e2300000,0x00000000e2300000,0x00000000e2700000)
 ParOldGen       total 65536K, used 12672K [0x00000000a1400000, 0x00000000a5400000, 0x00000000e0700000)
  object space 65536K, 19% used [0x00000000a1400000,0x00000000a2060130,0x00000000a5400000)
 Metaspace       used 11592K, capacity 11786K, committed 11904K, reserved 1058816K
  class space    used 1505K, capacity 1581K, committed 1664K, reserved 1048576K

Card table byte_map: [0x0000000011b50000,0x0000000011e50000] byte_map_base: 0x0000000011646000

Marking Bits: (ParMarkBitMap*) 0x0000000072245ce0
 Begin Bits: [0x0000000012850000, 0x0000000014000000)
 End Bits:   [0x0000000014000000, 0x00000000157b0000)

Polling page: 0x0000000000ce0000

CodeCache: size=245760Kb used=2850Kb max_used=2850Kb free=242909Kb
 bounds [0x0000000002790000, 0x0000000002a60000, 0x0000000011790000]
 total_blobs=1220 nmethods=735 adapters=399
 compilation: enabled

Compilation events (10 events):
Event: 0.880 Thread 0x000000001829f800  730       3       java.awt.Component::getFont (5 bytes)
Event: 0.881 Thread 0x000000001829f800 nmethod 730 0x0000000002a58350 code [0x0000000002a584e0, 0x0000000002a589e8]
Event: 0.881 Thread 0x000000001829f800  731       1       java.nio.DirectByteBuffer::isReadOnly (2 bytes)
Event: 0.881 Thread 0x000000001829f800 nmethod 731 0x0000000002a58090 code [0x0000000002a581e0, 0x0000000002a582f0]
Event: 0.884 Thread 0x000000001829f800  732   !   3       java.awt.Container::getComponent (42 bytes)
Event: 0.884 Thread 0x000000001829f800 nmethod 732 0x0000000002a570d0 code [0x0000000002a572c0, 0x0000000002a57c28]
Event: 0.886 Thread 0x000000001829f800  733       1       java.util.concurrent.locks.AbstractQueuedSynchronizer::getState (5 bytes)
Event: 0.887 Thread 0x000000001829f800 nmethod 733 0x0000000002a59c90 code [0x0000000002a59de0, 0x0000000002a59ef0]
Event: 0.887 Thread 0x000000001829f800  734       1       java.awt.Component::isVisible_NoClientCode (5 bytes)
Event: 0.887 Thread 0x000000001829f800 nmethod 734 0x0000000002a59f50 code [0x0000000002a5a0a0, 0x0000000002a5a1b0]

GC Heap History (2 events):
Event: 0.819 GC heap before
{Heap before GC invocations=1 (full 0):
 PSYoungGen      total 28672K, used 24576K [0x00000000e0700000, 0x00000000e2700000, 0x0000000100000000)
  eden space 24576K, 100% used [0x00000000e0700000,0x00000000e1f00000,0x00000000e1f00000)
  from space 4096K, 0% used [0x00000000e2300000,0x00000000e2300000,0x00000000e2700000)
  to   space 4096K, 0% used [0x00000000e1f00000,0x00000000e1f00000,0x00000000e2300000)
 ParOldGen       total 65536K, used 0K [0x00000000a1400000, 0x00000000a5400000, 0x00000000e0700000)
  object space 65536K, 0% used [0x00000000a1400000,0x00000000a1400000,0x00000000a5400000)
 Metaspace       used 11401K, capacity 11594K, committed 11904K, reserved 1058816K
  class space    used 1477K, capacity 1581K, committed 1664K, reserved 1048576K
Event: 0.828 GC heap after
Heap after GC invocations=1 (full 0):
 PSYoungGen      total 28672K, used 3840K [0x00000000e0700000, 0x00000000e2700000, 0x0000000100000000)
  eden space 24576K, 0% used [0x00000000e0700000,0x00000000e0700000,0x00000000e1f00000)
  from space 4096K, 93% used [0x00000000e1f00000,0x00000000e22c0260,0x00000000e2300000)
  to   space 4096K, 0% used [0x00000000e2300000,0x00000000e2300000,0x00000000e2700000)
 ParOldGen       total 65536K, used 12672K [0x00000000a1400000, 0x00000000a5400000, 0x00000000e0700000)
  object space 65536K, 19% used [0x00000000a1400000,0x00000000a2060130,0x00000000a5400000)
 Metaspace       used 11401K, capacity 11594K, committed 11904K, reserved 1058816K
  class space    used 1477K, capacity 1581K, committed 1664K, reserved 1048576K
}

Deoptimization events (7 events):
Event: 0.320 Thread 0x000000000268d800 Uncommon trap: reason=null_check action=make_not_entrant pc=0x00000000028fe794 method=java.lang.String.equals(Ljava/lang/Object;)Z @ 8
Event: 0.775 Thread 0x0000000019369800 Uncommon trap: reason=class_check action=maybe_recompile pc=0x00000000029cd0b8 method=java.util.HashMap.putVal(ILjava/lang/Object;Ljava/lang/Object;ZZ)Ljava/lang/Object; @ 203
Event: 0.776 Thread 0x0000000019369800 Uncommon trap: reason=class_check action=maybe_recompile pc=0x00000000029cd0b8 method=java.util.HashMap.putVal(ILjava/lang/Object;Ljava/lang/Object;ZZ)Ljava/lang/Object; @ 203
Event: 0.777 Thread 0x0000000019369800 Uncommon trap: reason=class_check action=maybe_recompile pc=0x00000000029cd0b8 method=java.util.HashMap.putVal(ILjava/lang/Object;Ljava/lang/Object;ZZ)Ljava/lang/Object; @ 203
Event: 0.778 Thread 0x0000000019369800 Uncommon trap: reason=class_check action=maybe_recompile pc=0x00000000029cd0b8 method=java.util.HashMap.putVal(ILjava/lang/Object;Ljava/lang/Object;ZZ)Ljava/lang/Object; @ 203
Event: 0.779 Thread 0x0000000019369800 Uncommon trap: reason=unstable_if action=reinterpret pc=0x0000000002987f58 method=java.lang.CharacterData.of(I)Ljava/lang/CharacterData; @ 4
Event: 0.801 Thread 0x0000000019369800 Uncommon trap: reason=unstable_if action=reinterpret pc=0x0000000002a3f5d4 method=java.lang.Character.isSurrogate(C)Z @ 3

Classes redefined (0 events):
No events

Internal exceptions (10 events):
Event: 0.037 Thread 0x000000000268d800 Exception <a 'java/lang/NoSuchMethodError': Method sun.misc.Unsafe.prefetchRead(Ljava/lang/Object;J)V name or signature does not match> (0x00000000e0707f98) thrown at [C:\re\workspace\8-2-build-windows-amd64-cygwin\jdk8u202\12323\hotspot\src\share\vm\prim
Event: 0.111 Thread 0x000000000268d800 Exception <a 'java/security/PrivilegedActionException'> (0x00000000e080ca98) thrown at [C:\re\workspace\8-2-build-windows-amd64-cygwin\jdk8u202\12323\hotspot\src\share\vm\prims\jvm.cpp, line 1502]
Event: 0.111 Thread 0x000000000268d800 Exception <a 'java/security/PrivilegedActionException'> (0x00000000e080cca8) thrown at [C:\re\workspace\8-2-build-windows-amd64-cygwin\jdk8u202\12323\hotspot\src\share\vm\prims\jvm.cpp, line 1502]
Event: 0.113 Thread 0x000000000268d800 Exception <a 'java/security/PrivilegedActionException'> (0x00000000e0810bb8) thrown at [C:\re\workspace\8-2-build-windows-amd64-cygwin\jdk8u202\12323\hotspot\src\share\vm\prims\jvm.cpp, line 1502]
Event: 0.113 Thread 0x000000000268d800 Exception <a 'java/security/PrivilegedActionException'> (0x00000000e0810dc8) thrown at [C:\re\workspace\8-2-build-windows-amd64-cygwin\jdk8u202\12323\hotspot\src\share\vm\prims\jvm.cpp, line 1502]
Event: 0.123 Thread 0x000000000268d800 Exception <a 'java/io/FileNotFoundException'> (0x00000000e08161a0) thrown at [C:\re\workspace\8-2-build-windows-amd64-cygwin\jdk8u202\12323\hotspot\src\share\vm\prims\jni.cpp, line 710]
Event: 0.165 Thread 0x000000000268d800 Exception <a 'java/lang/NoSuchFieldError': method resolution failed> (0x00000000e08e7718) thrown at [C:\re\workspace\8-2-build-windows-amd64-cygwin\jdk8u202\12323\hotspot\src\share\vm\prims\methodHandles.cpp, line 1167]
Event: 0.167 Thread 0x000000000268d800 Exception <a 'java/lang/NoSuchFieldError': method resolution failed> (0x00000000e08f4b18) thrown at [C:\re\workspace\8-2-build-windows-amd64-cygwin\jdk8u202\12323\hotspot\src\share\vm\prims\methodHandles.cpp, line 1167]
Event: 0.205 Thread 0x000000000268d800 Exception <a 'java/io/FileNotFoundException'> (0x00000000e098d890) thrown at [C:\re\workspace\8-2-build-windows-amd64-cygwin\jdk8u202\12323\hotspot\src\share\vm\prims\jni.cpp, line 710]
Event: 0.320 Thread 0x000000000268d800 Implicit null exception at 0x00000000028fe5db to 0x00000000028fe785

Events (10 events):
Event: 0.884 loading class javax/swing/text/SegmentCache$CachedSegment
Event: 0.884 loading class javax/swing/text/SegmentCache$CachedSegment done
Event: 0.884 loading class javax/swing/text/Utilities
Event: 0.885 loading class javax/swing/text/Utilities done
Event: 0.886 loading class javax/swing/event/ChangeEvent
Event: 0.886 loading class javax/swing/event/ChangeEvent done
Event: 0.886 loading class java/applet/Applet
Event: 0.886 loading class java/awt/Panel
Event: 0.886 loading class java/awt/Panel done
Event: 0.886 loading class java/applet/Applet done


Dynamic libraries:
0x00007ff6a4e80000 - 0x00007ff6a4eb7000 	C:\Program Files\Java\jdk1.8.0_202\bin\java.exe
0x00007ffa02400000 - 0x00007ffa02609000 	C:\Windows\SYSTEM32\ntdll.dll
0x00007ffa01890000 - 0x00007ffa0194d000 	C:\Windows\System32\KERNEL32.DLL
0x00007ff9ffce0000 - 0x00007ffa00054000 	C:\Windows\System32\KERNELBASE.dll
0x00007ffa00320000 - 0x00007ffa003ce000 	C:\Windows\System32\ADVAPI32.dll
0x00007ffa01460000 - 0x00007ffa01503000 	C:\Windows\System32\msvcrt.dll
0x00007ffa01960000 - 0x00007ffa019fe000 	C:\Windows\System32\sechost.dll
0x00007ffa00570000 - 0x00007ffa00690000 	C:\Windows\System32\RPCRT4.dll
0x00007ffa00f80000 - 0x00007ffa0112c000 	C:\Windows\System32\USER32.dll
0x00007ffa00270000 - 0x00007ffa00296000 	C:\Windows\System32\win32u.dll
0x00007ffa00f10000 - 0x00007ffa00f39000 	C:\Windows\System32\GDI32.dll
0x00007ffa00150000 - 0x00007ffa00262000 	C:\Windows\System32\gdi32full.dll
0x00007ff9ffc40000 - 0x00007ff9ffcdd000 	C:\Windows\System32\msvcp_win.dll
0x00007ff9ffb20000 - 0x00007ff9ffc31000 	C:\Windows\System32\ucrtbase.dll
0x00007ff9e8700000 - 0x00007ff9e89a5000 	C:\Windows\WinSxS\amd64_microsoft.windows.common-controls_6595b64144ccf1df_6.0.22000.120_none_9d947278b86cc467\COMCTL32.dll
0x00007ffa00f40000 - 0x00007ffa00f71000 	C:\Windows\System32\IMM32.DLL
0x0000000071940000 - 0x0000000071a12000 	C:\Program Files\Java\jdk1.8.0_202\jre\bin\msvcr100.dll
0x0000000071a20000 - 0x00000000722c5000 	C:\Program Files\Java\jdk1.8.0_202\jre\bin\server\jvm.dll
0x00007ffa01950000 - 0x00007ffa01958000 	C:\Windows\System32\PSAPI.DLL
0x00007ff9f92f0000 - 0x00007ff9f9323000 	C:\Windows\SYSTEM32\WINMM.dll
0x00007ff9f6af0000 - 0x00007ff9f6afa000 	C:\Windows\SYSTEM32\VERSION.dll
0x00007ff9c6530000 - 0x00007ff9c6539000 	C:\Windows\SYSTEM32\WSOCK32.dll
0x00007ffa006f0000 - 0x00007ffa0075f000 	C:\Windows\System32\WS2_32.dll
0x00007ff9fc240000 - 0x00007ff9fc24f000 	C:\Program Files\Java\jdk1.8.0_202\jre\bin\verify.dll
0x00007ff9f9770000 - 0x00007ff9f9799000 	C:\Program Files\Java\jdk1.8.0_202\jre\bin\java.dll
0x00007ff9f9750000 - 0x00007ff9f9766000 	C:\Program Files\Java\jdk1.8.0_202\jre\bin\zip.dll
0x00007ffa00760000 - 0x00007ffa00f0e000 	C:\Windows\System32\SHELL32.dll
0x00007ff9fda60000 - 0x00007ff9fe2c8000 	C:\Windows\SYSTEM32\windows.storage.dll
0x00007ffa01510000 - 0x00007ffa01888000 	C:\Windows\System32\combase.dll
0x00007ff9fd8f0000 - 0x00007ff9fda56000 	C:\Windows\SYSTEM32\wintypes.dll
0x00007ffa01370000 - 0x00007ffa0145a000 	C:\Windows\System32\SHCORE.dll
0x00007ffa01260000 - 0x00007ffa012bd000 	C:\Windows\System32\shlwapi.dll
0x00007ff9ff820000 - 0x00007ff9ff841000 	C:\Windows\SYSTEM32\profapi.dll
0x00007ff9b1950000 - 0x00007ff9b1ae9000 	C:\Program Files\Java\jdk1.8.0_202\jre\bin\awt.dll
0x00007ffa003d0000 - 0x00007ffa004a6000 	C:\Windows\System32\OLEAUT32.dll
0x00007ff9fce90000 - 0x00007ff9fcf21000 	C:\Windows\SYSTEM32\apphelp.dll
0x00007ff9fd3e0000 - 0x00007ff9fd40f000 	C:\Windows\system32\DWMAPI.DLL
0x00007ff9fd000000 - 0x00007ff9fd0ac000 	C:\Windows\system32\uxtheme.dll
0x00007ff9b1af0000 - 0x00007ff9b1bf1000 	C:\Windows\system32\opengl32.dll
0x00007ff9fa660000 - 0x00007ff9fa68d000 	C:\Windows\SYSTEM32\GLU32.dll
0x00007ff9fd120000 - 0x00007ff9fd158000 	C:\Windows\SYSTEM32\dxcore.dll
0x00007ffa01130000 - 0x00007ffa0124e000 	C:\Windows\System32\MSCTF.dll
0x00007ffa01a10000 - 0x00007ffa01baa000 	C:\Windows\System32\ole32.dll
0x00007ff9fe9f0000 - 0x00007ff9fea08000 	C:\Windows\SYSTEM32\kernel.appcore.dll
0x00007ffa000d0000 - 0x00007ffa0014f000 	C:\Windows\System32\bcryptPrimitives.dll
0x00007ff9a1da0000 - 0x00007ff9a1f46000 	C:\Windows\system32\d3d9.dll
0x00007ff9f66d0000 - 0x00007ff9f6888000 	C:\Windows\System32\DriverStore\FileRepository\u0375529.inf_amd64_f5dbe9a47d69bf14\B374868\aticfx64.dll
0x00007ff9d3ed0000 - 0x00007ff9d3f04000 	C:\Windows\System32\DriverStore\FileRepository\u0375529.inf_amd64_f5dbe9a47d69bf14\B374868\atiu9p64.dll
0x00007ff991a50000 - 0x00007ff9927a4000 	C:\Windows\System32\DriverStore\FileRepository\u0375529.inf_amd64_f5dbe9a47d69bf14\B374868\atiumd64.dll
0x00007ff9edbc0000 - 0x00007ff9edde1000 	C:\Windows\SYSTEM32\dbghelp.dll
0x00007ff9e4be0000 - 0x00007ff9e4c11000 	C:\Windows\SYSTEM32\dbgcore.DLL
0x0000000070a10000 - 0x0000000071883000 	C:\Windows\System32\DriverStore\FileRepository\u0375529.inf_amd64_f5dbe9a47d69bf14\B374868\atiumd6a.dll
0x00007ffa01d90000 - 0x00007ffa021fc000 	C:\Windows\System32\SETUPAPI.dll
0x00007ff9ff7c0000 - 0x00007ff9ff80d000 	C:\Windows\SYSTEM32\POWRPROF.dll
0x00007ff9ff7a0000 - 0x00007ff9ff7b3000 	C:\Windows\SYSTEM32\UMPDC.dll
0x00007ff9f6460000 - 0x00007ff9f6490000 	C:\Windows\SYSTEM32\amdihk64.dll
0x00007ff9face0000 - 0x00007ff9fad24000 	C:\Windows\SYSTEM32\directxdatabasehelper.dll
0x00007ff9fd2a0000 - 0x00007ff9fd2d4000 	C:\Windows\SYSTEM32\ntmarta.dll
0x00007ff9c08b0000 - 0x00007ff9c08e1000 	C:\Program Files\Java\jdk1.8.0_202\jre\bin\jpeg.dll
0x00007ff9f96c0000 - 0x00007ff9f9707000 	C:\Program Files\Java\jdk1.8.0_202\jre\bin\fontmanager.dll
0x00007ffa012c0000 - 0x00007ffa0136f000 	C:\Windows\System32\clbcatq.dll
0x00007ff9f85b0000 - 0x00007ff9f875e000 	C:\Windows\SYSTEM32\WindowsCodecs.dll
0x00007ff9d4140000 - 0x00007ff9d419d000 	C:\Windows\system32\dataexchange.dll
0x00007ff9f7520000 - 0x00007ff9f7786000 	C:\Windows\system32\twinapi.appcore.dll
0x00007ff9ea4a0000 - 0x00007ff9ea5cd000 	C:\Windows\SYSTEM32\textinputframework.dll
0x00007ff9f9730000 - 0x00007ff9f974a000 	C:\Program Files\Java\jdk1.8.0_202\jre\bin\net.dll
0x00007ff9f7d70000 - 0x00007ff9f7f5f000 	C:\Windows\SYSTEM32\urlmon.dll
0x00007ff9f7a80000 - 0x00007ff9f7d33000 	C:\Windows\SYSTEM32\iertutil.dll
0x00007ff9f7d40000 - 0x00007ff9f7d68000 	C:\Windows\SYSTEM32\srvcli.dll
0x00007ff9fe4e0000 - 0x00007ff9fe4ec000 	C:\Windows\SYSTEM32\netutils.dll
0x00007ff9fee20000 - 0x00007ff9fee87000 	C:\Windows\system32\mswsock.dll
0x00007ff9f9710000 - 0x00007ff9f9722000 	C:\Program Files\Java\jdk1.8.0_202\jre\bin\nio.dll
0x00007ff9f9670000 - 0x00007ff9f96b2000 	C:\Program Files\Java\jdk1.8.0_202\jre\bin\t2k.dll

VM Arguments:
jvm_args: -Dfile.encoding=UTF-8 
java_command: hotel.management.system.AddEmployee
java_class_path (initial): C:\Program Files\NetBeans 8.2\ide\modules\ext\mysql-connector-java-5.1.23-bin.jar;C:\Users\shubh\OneDrive\Documents\NetBeansProjects\Hotel Management System\build\classes
Launcher Type: SUN_STANDARD

Environment Variables:
JAVA_HOME=C:\Program Files\Java\jdk1.8.0_202
PATH=C:\Program Files\Java\jdk1.8.0_202\bin;C:\Program Files (x86)\Common Files\Oracle\Java\javapath;C:\Program Files\Common Files\Oracle\Java\javapath;C:\Windows\system32;C:\Windows;C:\Windows\System32\Wbem;C:\Windows\System32\WindowsPowerShell\v1.0\;C:\Windows\System32\OpenSSH\;C:\Program Files\Microsoft VS Code\bin;D:\Git\cmd;C:\Program Files\Java\jdk-17.0.2\bin;C:\Program Files\MySQL\MySQL Server 5.5\bin;C:\Users\shubh\AppData\Local\Microsoft\WindowsApps;
USERNAME=shubh
OS=Windows_NT
PROCESSOR_IDENTIFIER=AMD64 Family 23 Model 24 Stepping 1, AuthenticAMD



---------------  S Y S T E M  ---------------

OS: Windows 10.0 , 64 bit Build 22000 (10.0.22000.434)

CPU:total 8 (initial active 8) (8 cores per cpu, 1 threads per core) family 23 model 24 stepping 1, cmov, cx8, fxsr, mmx, sse, sse2, sse3, ssse3, sse4.1, sse4.2, popcnt, avx, avx2, aes, clmul, mmxext, 3dnowpref, lzcnt, sse4a, tsc, tscinvbit, tscinv, bmi1

Memory: 4k page, physical 6203348k(303064k free), swap 25077716k(4680k free)

vm_info: Java HotSpot(TM) 64-Bit Server VM (25.202-b08) for windows-amd64 JRE (1.8.0_202-b08), built on Dec 15 2018 19:54:30 by "java_re" with MS VC++ 10.0 (VS2010)

time: Wed Mar 16 21:54:52 2022
timezone: India Standard Time
elapsed time: 0 seconds (0d 0h 0m 0s)

