#
# There is insufficient memory for the Java Runtime Environment to continue.
# Native memory allocation (malloc) failed to allocate 480104 bytes for AllocateHeap
# Possible reasons:
#   The system is out of physical RAM or swap space
#   The process is running with CompressedOops enabled, and the Java Heap may be blocking the growth of the native heap
# Possible solutions:
#   Reduce memory load on the system
#   Increase physical memory or swap space
#   Check if swap backing store is full
#   Decrease Java heap size (-Xmx/-Xms)
#   Decrease number of Java threads
#   Decrease Java thread stack sizes (-Xss)
#   Set larger code cache with -XX:ReservedCodeCacheSize=
#   JVM is running with Unscaled Compressed Oops mode in which the Java heap is
#     placed in the first 4GB address space. The Java Heap base address is the
#     maximum limit for the native heap growth. Please use -XX:HeapBaseMinAddress
#     to set the Java Heap base and to place the Java Heap above 4GB virtual address.
# This output file may be truncated or incomplete.
#
#  Out of Memory Error (memory/allocation.inline.hpp:61), pid=8352, tid=0x0000000000002950
#
# JRE version:  (8.0_202-b08) (build )
# Java VM: Java HotSpot(TM) 64-Bit Server VM (25.202-b08 mixed mode windows-amd64 compressed oops)
# Failed to write core dump. Minidumps are not enabled by default on client versions of Windows
#

---------------  T H R E A D  ---------------

Current thread (0x0000000002d3e000):  JavaThread "Unknown thread" [_thread_in_vm, id=10576, stack(0x0000000002b90000,0x0000000002c90000)]

Stack: [0x0000000002b90000,0x0000000002c90000]
[error occurred during error reporting (printing stack bounds), id 0xc0000005]

Native frames: (J=compiled Java code, j=interpreted, Vv=VM code, C=native code)


---------------  P R O C E S S  ---------------

Java Threads: ( => current thread )

Other Threads:

=>0x0000000002d3e000 (exited) JavaThread "Unknown thread" [_thread_in_vm, id=10576, stack(0x0000000002b90000,0x0000000002c90000)]

VM state:not at safepoint (not fully initialized)

VM Mutex/Monitor currently owned by a thread: None

heap address: 0x00000000a1400000, size: 1516 MB, Compressed Oops mode: 32-bit
Narrow klass base: 0x0000000000000000, Narrow klass shift: 3
Compressed class space size: 1073741824 Address: 0x0000000100000000

GC Heap History (0 events):
No events

Deoptimization events (0 events):
No events

Classes redefined (0 events):
No events

Internal exceptions (0 events):
No events

Events (0 events):
No events


Dynamic libraries:
0x00007ff64a980000 - 0x00007ff64a9b7000 	C:\Program Files\Java\jdk1.8.0_202\bin\java.exe
0x00007ffb9aea0000 - 0x00007ffb9b0a9000 	C:\Windows\SYSTEM32\ntdll.dll
0x00007ffb99590000 - 0x00007ffb9964d000 	C:\Windows\System32\KERNEL32.DLL
0x00007ffb98550000 - 0x00007ffb988c4000 	C:\Windows\System32\KERNELBASE.dll
0x00007ffb99010000 - 0x00007ffb990be000 	C:\Windows\System32\ADVAPI32.dll
0x00007ffb990c0000 - 0x00007ffb99163000 	C:\Windows\System32\msvcrt.dll
0x00007ffb9a600000 - 0x00007ffb9a69e000 	C:\Windows\System32\sechost.dll
0x00007ffb99f40000 - 0x00007ffb9a060000 	C:\Windows\System32\RPCRT4.dll
0x00007ffb9a3e0000 - 0x00007ffb9a58c000 	C:\Windows\System32\USER32.dll
0x00007ffb984b0000 - 0x00007ffb984d6000 	C:\Windows\System32\win32u.dll
0x00007ffb99650000 - 0x00007ffb99679000 	C:\Windows\System32\GDI32.dll
0x00007ffb98390000 - 0x00007ffb984a2000 	C:\Windows\System32\gdi32full.dll
0x00007ffb98950000 - 0x00007ffb989ed000 	C:\Windows\System32\msvcp_win.dll
0x00007ffb989f0000 - 0x00007ffb98b01000 	C:\Windows\System32\ucrtbase.dll
0x00007ffb7df90000 - 0x00007ffb7e235000 	C:\Windows\WinSxS\amd64_microsoft.windows.common-controls_6595b64144ccf1df_6.0.22000.120_none_9d947278b86cc467\COMCTL32.dll
0x00007ffb99540000 - 0x00007ffb99571000 	C:\Windows\System32\IMM32.DLL
0x000000005a7b0000 - 0x000000005a882000 	C:\Program Files\Java\jdk1.8.0_202\jre\bin\msvcr100.dll
0x000000005a890000 - 0x000000005b135000 	C:\Program Files\Java\jdk1.8.0_202\jre\bin\server\jvm.dll
0x00007ffb99de0000 - 0x00007ffb99de8000 	C:\Windows\System32\PSAPI.DLL
0x00007ffb91d20000 - 0x00007ffb91d53000 	C:\Windows\SYSTEM32\WINMM.dll
0x00007ffb90100000 - 0x00007ffb9010a000 	C:\Windows\SYSTEM32\VERSION.dll
0x00007ffb94cc0000 - 0x00007ffb94cc9000 	C:\Windows\SYSTEM32\WSOCK32.dll
0x00007ffb9a590000 - 0x00007ffb9a5ff000 	C:\Windows\System32\WS2_32.dll
0x00007ffb8f0e0000 - 0x00007ffb8f0ef000 	C:\Program Files\Java\jdk1.8.0_202\jre\bin\verify.dll
0x00007ffb78090000 - 0x00007ffb780b9000 	C:\Program Files\Java\jdk1.8.0_202\jre\bin\java.dll
0x00007ffb79310000 - 0x00007ffb79326000 	C:\Program Files\Java\jdk1.8.0_202\jre\bin\zip.dll

VM Arguments:
jvm_args: -Dfile.encoding=UTF-8 
java_command: hotel.management.system.HotelManagementSystem
java_class_path (initial): C:\Users\shubh\OneDrive\Documents\NetBeansProjects\Hotel Management System\build\classes
Launcher Type: SUN_STANDARD

Environment Variables:
JAVA_HOME=C:\Program Files\Java\jdk1.8.0_202
PATH=C:\Program Files\Java\jdk1.8.0_202\bin;C:\Program Files (x86)\Common Files\Oracle\Java\javapath;C:\Program Files\Common Files\Oracle\Java\javapath;C:\Windows\system32;C:\Windows;C:\Windows\System32\Wbem;C:\Windows\System32\WindowsPowerShell\v1.0\;C:\Windows\System32\OpenSSH\;C:\Program Files\Microsoft VS Code\bin;D:\Git\cmd;C:\Program Files\Java\jdk-17.0.2\bin;C:\Program Files\MySQL\MySQL Server 5.5\bin;C:\Users\shubh\AppData\Local\Microsoft\WindowsApps;
USERNAME=shubh
OS=Windows_NT
PROCESSOR_IDENTIFIER=AMD64 Family 23 Model 24 Stepping 1, AuthenticAMD



---------------  S Y S T E M  ---------------

OS: Windows 10.0 , 64 bit Build 22000 (10.0.22000.434)

CPU:total 8 (initial active 8) (8 cores per cpu, 1 threads per core) family 23 model 24 stepping 1, cmov, cx8, fxsr, mmx, sse, sse2, sse3, ssse3, sse4.1, sse4.2, popcnt, avx, avx2, aes, clmul, mmxext, 3dnowpref, lzcnt, sse4a, tsc, tscinvbit, tscinv, bmi1

Memory: 4k page, physical 6203348k(540556k free), swap 25077716k(4660k free)

vm_info: Java HotSpot(TM) 64-Bit Server VM (25.202-b08) for windows-amd64 JRE (1.8.0_202-b08), built on Dec 15 2018 19:54:30 by "java_re" with MS VC++ 10.0 (VS2010)

time: Sat Feb 12 18:03:10 2022
timezone: India Standard Time
elapsed time: 0 seconds (0d 0h 0m 0s)

